<?xml version="1.0" encoding="UTF-8"?>
<testsuite name="actionClass.Admin_ClientChPW_ActionTest" time="7.978" tests="5" errors="0" skipped="0" failures="0">
  <properties>
[...]
</properties>
  <testcase name="changeEmpPwWithemptyCnewPw" classname="actionClass.Admin_ClientChPW_ActionTest" time="7.754"/>
  <testcase name="changeEmpPwWithemptyBankId" classname="actionClass.Admin_ClientChPW_ActionTest" time="0.002"/>
  <testcase name="changeEmpPwWithequalCnewPwAndNewpw" classname="actionClass.Admin_ClientChPW_ActionTest" time="0.219"/>
  <testcase name="changeEmpPwWithUnequalCnewPwAndNewpw" classname="actionClass.Admin_ClientChPW_ActionTest" time="0.002"/>
  <testcase name="changeEmpPwEmptyNewPw" classname="actionClass.Admin_ClientChPW_ActionTest" time="0.001"/>
</testsuite>